<--------------- Ejecutando Script Contigencia de lista de precio y inventario--------------->
<--------------- Ejecutando consulta de lista de precio --------------->
Se han retornado 899726 registros
<--------------- Ejecutando consulta de lista de precio por centro operaciones --------------->
Se han retornado 129 registros
<--------------- Ejecutando consulta inventario por Centro de operaciones --------------->
Se han retornado 25077 registros
<--------------- Ejecutando procesamiento de la informacion --------------->
<------------------------------------iniciado Carga al one drive------------------------------------------------>
Archivo lista_precios_2024-05-23_17-41-31.xlsx eliminado exitosamente
Archivo subido exitosamente a OneDrive
<--------------- Ejecutando Script Contigencia de lista de precio y inventario--------------->
<--------------- Ejecutando consulta de lista de precio --------------->
Se han retornado 899726 registros
<--------------- Ejecutando consulta de lista de precio por centro operaciones --------------->
Se han retornado 129 registros
<--------------- Ejecutando consulta inventario por Centro de operaciones --------------->
Se han retornado 25072 registros
<--------------- Ejecutando procesamiento de la informacion --------------->
<------------------------------------iniciado Carga al one drive------------------------------------------------>
Archivo lista_precios_2024-05-23_18-01-10.xlsx eliminado exitosamente
Archivo subido exitosamente a OneDrive
<--------------- Ejecutando Script Contigencia de lista de precio y inventario--------------->
<--------------- Ejecutando consulta de lista de precio --------------->
Se han retornado 899726 registros
<--------------- Ejecutando consulta de lista de precio por centro operaciones --------------->
Se han retornado 129 registros
<--------------- Ejecutando consulta inventario por Centro de operaciones --------------->
Se han retornado 25071 registros
<--------------- Ejecutando procesamiento de la informacion --------------->
<------------------------------------iniciado Carga al one drive------------------------------------------------>
Archivo lista_precios_2024-05-23_19-01-01.xlsx eliminado exitosamente
Archivo subido exitosamente a OneDrive
<--------------- Ejecutando Script Contigencia de lista de precio y inventario--------------->
<--------------- Ejecutando consulta de lista de precio --------------->
Se han retornado 899726 registros
<--------------- Ejecutando consulta de lista de precio por centro operaciones --------------->
Se han retornado 129 registros
<--------------- Ejecutando consulta inventario por Centro de operaciones --------------->
Se han retornado 25071 registros
<--------------- Ejecutando procesamiento de la informacion --------------->
<------------------------------------iniciado Carga al one drive------------------------------------------------>
Archivo lista_precios_2024-05-23_20-01-01.xlsx eliminado exitosamente
Archivo subido exitosamente a OneDrive
<--------------- Ejecutando Script Contigencia de lista de precio y inventario--------------->
<--------------- Ejecutando consulta de lista de precio --------------->
Se han retornado 899726 registros
<--------------- Ejecutando consulta de lista de precio por centro operaciones --------------->
Se han retornado 129 registros
<--------------- Ejecutando consulta inventario por Centro de operaciones --------------->
Se han retornado 25071 registros
<--------------- Ejecutando procesamiento de la informacion --------------->
<------------------------------------iniciado Carga al one drive------------------------------------------------>
Archivo lista_precios_2024-05-23_21-01-03.xlsx eliminado exitosamente
Archivo subido exitosamente a OneDrive
<--------------- Ejecutando Script Contigencia de lista de precio y inventario--------------->
<--------------- Ejecutando consulta de lista de precio --------------->
Se han retornado 899726 registros
<--------------- Ejecutando consulta de lista de precio por centro operaciones --------------->
Se han retornado 129 registros
<--------------- Ejecutando consulta inventario por Centro de operaciones --------------->
Se han retornado 25071 registros
<--------------- Ejecutando procesamiento de la informacion --------------->
<------------------------------------iniciado Carga al one drive------------------------------------------------>
Archivo lista_precios_2024-05-23_22-01-03.xlsx eliminado exitosamente
Archivo subido exitosamente a OneDrive
<--------------- Ejecutando Script Contigencia de lista de precio y inventario--------------->
<--------------- Ejecutando consulta de lista de precio --------------->
Se han retornado 899726 registros
<--------------- Ejecutando consulta de lista de precio por centro operaciones --------------->
Se han retornado 129 registros
<--------------- Ejecutando consulta inventario por Centro de operaciones --------------->
Se han retornado 25071 registros
<--------------- Ejecutando procesamiento de la informacion --------------->
<------------------------------------iniciado Carga al one drive------------------------------------------------>
Archivo lista_precios_2024-05-23_23-01-15.xlsx eliminado exitosamente
Archivo subido exitosamente a OneDrive
<--------------- Ejecutando Script Contigencia de lista de precio y inventario--------------->
<--------------- Ejecutando consulta de lista de precio --------------->
Se han retornado 899726 registros
<--------------- Ejecutando consulta de lista de precio por centro operaciones --------------->
Se han retornado 129 registros
<--------------- Ejecutando consulta inventario por Centro de operaciones --------------->
Se han retornado 25071 registros
<--------------- Ejecutando procesamiento de la informacion --------------->
<------------------------------------iniciado Carga al one drive------------------------------------------------>
Archivo lista_precios_2024-05-24_00-01-07.xlsx eliminado exitosamente
Archivo subido exitosamente a OneDrive
<--------------- Ejecutando Script Contigencia de lista de precio y inventario--------------->
<--------------- Ejecutando consulta de lista de precio --------------->
Se han retornado 899726 registros
<--------------- Ejecutando consulta de lista de precio por centro operaciones --------------->
Se han retornado 129 registros
<--------------- Ejecutando consulta inventario por Centro de operaciones --------------->
Se han retornado 25071 registros
<--------------- Ejecutando procesamiento de la informacion --------------->
<------------------------------------iniciado Carga al one drive------------------------------------------------>
Archivo lista_precios_2024-05-24_01-01-01.xlsx eliminado exitosamente
Archivo subido exitosamente a OneDrive
<--------------- Ejecutando Script Contigencia de lista de precio y inventario--------------->
<--------------- Ejecutando consulta de lista de precio --------------->
Se han retornado 899726 registros
<--------------- Ejecutando consulta de lista de precio por centro operaciones --------------->
Se han retornado 129 registros
<--------------- Ejecutando consulta inventario por Centro de operaciones --------------->
Se han retornado 25071 registros
<--------------- Ejecutando procesamiento de la informacion --------------->
<------------------------------------iniciado Carga al one drive------------------------------------------------>
Archivo lista_precios_2024-05-24_02-01-00.xlsx eliminado exitosamente
Archivo subido exitosamente a OneDrive
<--------------- Ejecutando Script Contigencia de lista de precio y inventario--------------->
<--------------- Ejecutando consulta de lista de precio --------------->
Se han retornado 899726 registros
<--------------- Ejecutando consulta de lista de precio por centro operaciones --------------->
Se han retornado 129 registros
<--------------- Ejecutando consulta inventario por Centro de operaciones --------------->
Se han retornado 25071 registros
<--------------- Ejecutando procesamiento de la informacion --------------->
<------------------------------------iniciado Carga al one drive------------------------------------------------>
Archivo lista_precios_2024-05-24_03-01-09.xlsx eliminado exitosamente
Archivo subido exitosamente a OneDrive
<--------------- Ejecutando Script Contigencia de lista de precio y inventario--------------->
<--------------- Ejecutando consulta de lista de precio --------------->
Se han retornado 899726 registros
<--------------- Ejecutando consulta de lista de precio por centro operaciones --------------->
Se han retornado 129 registros
<--------------- Ejecutando consulta inventario por Centro de operaciones --------------->
Se han retornado 25071 registros
<--------------- Ejecutando procesamiento de la informacion --------------->
<------------------------------------iniciado Carga al one drive------------------------------------------------>
Archivo lista_precios_2024-05-24_04-01-18.xlsx eliminado exitosamente
Archivo subido exitosamente a OneDrive
<--------------- Ejecutando Script Contigencia de lista de precio y inventario--------------->
<--------------- Ejecutando consulta de lista de precio --------------->
Se han retornado 899726 registros
<--------------- Ejecutando consulta de lista de precio por centro operaciones --------------->
Se han retornado 129 registros
<--------------- Ejecutando consulta inventario por Centro de operaciones --------------->
Se han retornado 25071 registros
<--------------- Ejecutando procesamiento de la informacion --------------->
<------------------------------------iniciado Carga al one drive------------------------------------------------>
Archivo lista_precios_2024-05-24_05-01-26.xlsx eliminado exitosamente
Archivo subido exitosamente a OneDrive
<--------------- Ejecutando Script Contigencia de lista de precio y inventario--------------->
<--------------- Ejecutando consulta de lista de precio --------------->
Se han retornado 899726 registros
<--------------- Ejecutando consulta de lista de precio por centro operaciones --------------->
Se han retornado 129 registros
<--------------- Ejecutando consulta inventario por Centro de operaciones --------------->
Se han retornado 25071 registros
<--------------- Ejecutando procesamiento de la informacion --------------->
<------------------------------------iniciado Carga al one drive------------------------------------------------>
Archivo lista_precios_2024-05-24_06-00-59.xlsx eliminado exitosamente
Archivo subido exitosamente a OneDrive
